<?xml version="1.0" encoding="UTF-8"?>
<testsuite xmlns:xsi="http://www.w3.org/2001/XMLSchema-instance" xsi:noNamespaceSchemaLocation="https://maven.apache.org/surefire/maven-surefire-plugin/xsd/surefire-test-report.xsd" name="TestSuite" time="1.384" tests="13" errors="0" skipped="12" failures="1">
  <properties>
[...]
</properties>
  <testcase name="setUp" classname="com.nucot.qa.hrm.pagetests.ProductListPageTest" time="1.061">
    <failure message="Cannot invoke &quot;String.trim()&quot; because the return value of &quot;java.util.Properties.getProperty(String)&quot; is null" type="java.lang.NullPointerException">java.lang.NullPointerException: Cannot invoke "String.trim()" because the return value of "java.util.Properties.getProperty(String)" is null
</failure>
    <system-err><![CDATA[SLF4J(W): No SLF4J providers were found.
SLF4J(W): Defaulting to no-operation (NOP) logger implementation
SLF4J(W): See https://www.slf4j.org/codes.html#noProviders for further details.
java.io.FileNotFoundException: ./src/test/resources/config/devconfig.properties (No such file or directory)
	at java.base/java.io.FileInputStream.open0(Native Method)
	at java.base/java.io.FileInputStream.open(FileInputStream.java:216)
	at java.base/java.io.FileInputStream.<init>(FileInputStream.java:157)
	at java.base/java.io.FileInputStream.<init>(FileInputStream.java:111)
	at com.nucot.qa.hrm.driverfactory.DriverFactory.initProp(DriverFactory.java:65)
	at com.nucot.qa.hrm.pagetests.BaseTest.setUp(BaseTest.java:28)
	at java.base/jdk.internal.reflect.NativeMethodAccessorImpl.invoke0(Native Method)
	at java.base/jdk.internal.reflect.NativeMethodAccessorImpl.invoke(NativeMethodAccessorImpl.java:77)
	at java.base/jdk.internal.reflect.DelegatingMethodAccessorImpl.invoke(DelegatingMethodAccessorImpl.java:43)
	at java.base/java.lang.reflect.Method.invoke(Method.java:568)
	at org.testng.internal.invokers.MethodInvocationHelper.invokeMethod(MethodInvocationHelper.java:139)
	at org.testng.internal.invokers.MethodInvocationHelper.invokeMethodConsideringTimeout(MethodInvocationHelper.java:69)
	at org.testng.internal.invokers.ConfigInvoker.invokeConfigurationMethod(ConfigInvoker.java:393)
	at org.testng.internal.invokers.ConfigInvoker.invokeConfigurations(ConfigInvoker.java:326)
	at org.testng.TestRunner.invokeTestConfigurations(TestRunner.java:661)
	at org.testng.TestRunner.beforeRun(TestRunner.java:650)
	at org.testng.TestRunner.run(TestRunner.java:612)
	at org.testng.SuiteRunner.runTest(SuiteRunner.java:443)
	at org.testng.SuiteRunner.runSequentially(SuiteRunner.java:437)
	at org.testng.SuiteRunner.privateRun(SuiteRunner.java:397)
	at org.testng.SuiteRunner.run(SuiteRunner.java:336)
	at org.testng.SuiteRunnerWorker.runSuite(SuiteRunnerWorker.java:52)
	at org.testng.SuiteRunnerWorker.run(SuiteRunnerWorker.java:95)
	at org.testng.TestNG.runSuitesSequentially(TestNG.java:1301)
	at org.testng.TestNG.runSuitesLocally(TestNG.java:1228)
	at org.testng.TestNG.runSuites(TestNG.java:1134)
	at org.testng.TestNG.run(TestNG.java:1101)
	at org.apache.maven.surefire.testng.TestNGExecutor.run(TestNGExecutor.java:135)
	at org.apache.maven.surefire.testng.TestNGDirectoryTestSuite.executeMulti(TestNGDirectoryTestSuite.java:193)
	at org.apache.maven.surefire.testng.TestNGDirectoryTestSuite.execute(TestNGDirectoryTestSuite.java:94)
	at org.apache.maven.surefire.testng.TestNGProvider.invoke(TestNGProvider.java:146)
	at org.apache.maven.surefire.booter.ForkedBooter.invokeProviderInSameClassLoader(ForkedBooter.java:384)
	at org.apache.maven.surefire.booter.ForkedBooter.runSuitesInProcess(ForkedBooter.java:345)
	at org.apache.maven.surefire.booter.ForkedBooter.execute(ForkedBooter.java:126)
	at org.apache.maven.surefire.booter.ForkedBooter.main(ForkedBooter.java:418)
]]></system-err>
  </testcase>
  <testcase name="homePageSetup" classname="com.nucot.qa.hrm.pagetests.ProductListPageTest" time="0">
    <skipped/>
  </testcase>
  <testcase name="empInfo" classname="com.nucot.qa.hrm.pagetests.ProductListPageTest" time="0">
    <skipped message="Cannot invoke &quot;String.trim()&quot; because the return value of &quot;java.util.Properties.getProperty(String)&quot; is null"/>
  </testcase>
  <testcase name="closeApp" classname="com.nucot.qa.hrm.pagetests.ProductListPageTest" time="0">
    <skipped/>
  </testcase>
  <testcase name="homePageSetup" classname="com.nucot.qa.hrm.pagetests.HomePageTest" time="0">
    <skipped/>
  </testcase>
  <testcase name="homePageUrlTest" classname="com.nucot.qa.hrm.pagetests.HomePageTest" time="0">
    <skipped message="Cannot invoke &quot;String.trim()&quot; because the return value of &quot;java.util.Properties.getProperty(String)&quot; is null"/>
  </testcase>
  <testcase name="homePageTitleTest" classname="com.nucot.qa.hrm.pagetests.HomePageTest" time="0">
    <skipped message="Cannot invoke &quot;String.trim()&quot; because the return value of &quot;java.util.Properties.getProperty(String)&quot; is null"/>
  </testcase>
  <testcase name="systemUserDetailsTest" classname="com.nucot.qa.hrm.pagetests.HomePageTest" time="0">
    <skipped message="Cannot invoke &quot;String.trim()&quot; because the return value of &quot;java.util.Properties.getProperty(String)&quot; is null"/>
  </testcase>
  <testcase name="closeApp" classname="com.nucot.qa.hrm.pagetests.HomePageTest" time="0">
    <skipped/>
  </testcase>
  <testcase name="loginPageCurrentUrl" classname="com.nucot.qa.hrm.pagetests.LoginPageTest" time="0">
    <skipped message="Cannot invoke &quot;String.trim()&quot; because the return value of &quot;java.util.Properties.getProperty(String)&quot; is null"/>
  </testcase>
  <testcase name="loginPageTitle" classname="com.nucot.qa.hrm.pagetests.LoginPageTest" time="0">
    <skipped message="Cannot invoke &quot;String.trim()&quot; because the return value of &quot;java.util.Properties.getProperty(String)&quot; is null"/>
  </testcase>
  <testcase name="doLoginPageTest" classname="com.nucot.qa.hrm.pagetests.LoginPageTest" time="0">
    <skipped message="Cannot invoke &quot;String.trim()&quot; because the return value of &quot;java.util.Properties.getProperty(String)&quot; is null"/>
  </testcase>
  <testcase name="appClose" classname="com.nucot.qa.hrm.pagetests.ProductListPageTest" time="0">
    <skipped/>
  </testcase>
</testsuite>