-------------------------------------------------------------------------------
Test set: TestSuite
-------------------------------------------------------------------------------
Tests run: 13, Failures: 1, Errors: 0, Skipped: 12, Time elapsed: 1.384 s <<< FAILURE! - in TestSuite
setUp(com.nucot.qa.hrm.pagetests.ProductListPageTest)  Time elapsed: 1.061 s  <<< FAILURE!
java.lang.NullPointerException: Cannot invoke "String.trim()" because the return value of "java.util.Properties.getProperty(String)" is null

